=== 17: md_10mer free-space NVT ===
Command: mmml md-system --setup free_nvt --temperature "300.0" --n-molecules "10" --ps "1.0" --dt-fs "0.25" --traj-chunk-frames "0" --output-dir "out/mdsys/free_nvt"
/home/ericb/mmml/mmml/data/charmm/top_all36_cgenff.rtf
/home/ericb/mmml/mmml/data/charmm/par_all36_cgenff.prm
CHARMM_HOME /home/ericb/mmml/setup/charmm
CHARMM_LIB_DIR /home/ericb/mmml/setup/charmm
[21:52:09] cluster_build: 0.260 s
[setup_calculator] Cutoff inputs -> ml_cutoff=0.1000, mm_switch_on=5.5000, mm_cutoff=2.0000, complementary_handoff=True
[setup_calculator] mm_r_min=4.86 (exclude pairs with dimer COM < this)
[setup_calculator] atoms_per_monomer=[6, 6, 6, 6, 6, 6, 6, 6, 6, 6], total_atoms=60
[setup_calculator] lambda_monomer=[1. 1. 1. 1. 1. 1. 1. 1. 1. 1.]
len(dimer_perms) 45
[setup_calculator] max_atoms (model natoms)=12 (max monomer/dimer size)
✓ Loaded checkpoint from /home/ericb/mmml/mmml/models/physnetjax/defaults
[setup_calculator] Model loaded: EF(
    # attributes
    features = 64
    max_degree = 1
    num_iterations = 2
    num_basis_functions = 32
    cutoff = 6.0
    max_atomic_number = 55
    charges = True
    natoms = 12
    total_charge = 0
    n_res = 3
    zbl = True
    debug = False
    efa = False
    use_energy_bias = False
    use_pbc = False
    include_electrostatics = True
)
[21:52:10] cutoff plot: /home/ericb/mmml/out/mdsys/free_nvt/cutoffs_schematic_0.10_5.50_2.00_complementary.png
[21:52:10] vac_nvt_nhc: mmml setup_calculator 0.804 s, factory_call 0.000 s
[21:52:18] vac_nvt_nhc: JIT warmup (first potential energy) 8.189 s
[21:52:18] vac_nvt_nhc: BFGS starting (max 50 steps, fmax=0.1; this is pre-MD minimization, not dynamics yet)
      Step     Time          Energy          fmax
BFGS:    0 21:52:18     -248.810913        0.914277
BFGS:    1 21:52:18     -249.021103        0.701588
BFGS:    2 21:52:18     -249.154770        0.606157
BFGS:    3 21:52:18     -249.207565        0.585573
BFGS:    4 21:52:18     -249.235718        0.581100
BFGS:    5 21:52:18     -249.298035        0.549588
BFGS:    6 21:52:18     -249.322159        0.498735
BFGS:    7 21:52:18     -249.389725        0.490784
BFGS:    8 21:52:18     -249.428772        0.522609
BFGS:    9 21:52:18     -249.484177        0.445681
BFGS:   10 21:52:18     -249.499924        0.527464
BFGS:   11 21:52:18     -249.525360        0.396724
BFGS:   12 21:52:18     -249.560287        0.469147
BFGS:   13 21:52:18     -249.593567        0.540195
BFGS:   14 21:52:18     -249.637955        0.547278
BFGS:   15 21:52:18     -249.667999        0.444205
BFGS:   16 21:52:18     -249.676346        0.395345
BFGS:   17 21:52:18     -249.705170        0.445053
BFGS:   18 21:52:18     -249.727921        0.500904
BFGS:   19 21:52:18     -249.768219        0.504081
BFGS:   20 21:52:18     -249.821732        0.473535
BFGS:   21 21:52:18     -249.886398        0.452248
BFGS:   22 21:52:18     -249.936371        0.436530
BFGS:   23 21:52:18     -250.016922        0.417815
BFGS:   24 21:52:18     -250.077408        0.807427
BFGS:   25 21:52:18     -250.145630        0.473626
BFGS:   26 21:52:18     -250.222794        0.432255
BFGS:   27 21:52:18     -250.293381        0.459896
BFGS:   28 21:52:18     -250.364532        0.453885
BFGS:   29 21:52:18     -250.438950        0.488265
BFGS:   30 21:52:18     -250.524277        0.585672
BFGS:   31 21:52:18     -250.591431        0.674522
BFGS:   32 21:52:18     -250.652267        0.749952
BFGS:   33 21:52:18     -250.712997        0.813502
BFGS:   34 21:52:18     -250.789337        0.859419
BFGS:   35 21:52:18     -250.864975        0.917144
BFGS:   36 21:52:18     -250.925903        0.884471
BFGS:   37 21:52:18     -251.009476        0.890458
BFGS:   38 21:52:18     -251.080368        1.097738
BFGS:   39 21:52:18     -251.145432        1.324023
BFGS:   40 21:52:18     -251.201523        1.550974
BFGS:   41 21:52:18     -251.259827        1.772154
BFGS:   42 21:52:18     -251.292892        1.949022
BFGS:   43 21:52:18     -251.335602        2.062679
BFGS:   44 21:52:18     -251.378189        2.119099
BFGS:   45 21:52:18     -251.413803        2.128549
BFGS:   46 21:52:18     -251.458710        2.111990
BFGS:   47 21:52:18     -251.492920        2.059251
BFGS:   48 21:52:18     -251.537155        1.974669
BFGS:   49 21:52:18     -251.573273        1.833146
BFGS:   50 21:52:18     -251.615494        1.603800
[21:52:18] vac_nvt_nhc: BFGS 0.258 s (50 iters)
[21:52:26] vac_nvt_nhc: MD integrator 7.720 s (1.9301 ms/step mean)
{
  "vac_nvt_nhc": {
    "traj": "vac_nvt_nhc.traj",
    "traj_parts": [
      "vac_nvt_nhc.traj"
    ],
    "traj_part_count": 1,
    "log": "vac_nvt_nhc.log",
    "mode": "nvt_nhc",
    "frames_traj": 4002,
    "log_samples": 82,
    "etot_start_eV": -249.66454168220085,
    "etot_end_eV": -255.62980231741432,
    "etot_drift_eV": -5.965260635213468,
    "etot_span_eV": 8.894450872415831,
    "temp_start_K": 251.55407325415192,
    "temp_end_K": 343.44933208885794,
    "temp_mean_K": 320.78455419212474,
    "timings_s": {
      "mmml_setup_calculator_s": 0.8038576139952056,
      "mmml_factory_call_s": 4.456000169739127e-05,
      "jit_warmup_first_potential_s": 8.189148461038712,
      "pre_bfgs_energy_eV": -248.8109130859375,
      "pre_bfgs_fmax_eVA": 0.800561249256134,
      "bfgs_wall_s": 0.25768232002155855,
      "bfgs_traj": "vac_nvt_nhc_min.traj",
      "bfgs_iterations": 50.0,
      "md_entry_to_integrator_ready_s": 0.0005939360125921667,
      "md_first_observable_snapshot_s": 0.0015365409781225026,
      "md_attach_overhead_s": 4.9800146371126175e-06,
      "md_integrator_loop_s": 7.720307631010655,
      "md_per_step_mean_ms": 1.9300769077526638
    },
    "pbc": false,
    "box_A": null,
    "fmax_after_min_eVA": 1.3052005767822266
  }
}
Wrote /home/ericb/mmml/out/mdsys/free_nvt/suite_summary.json
Wrote /home/ericb/mmml/out/mdsys/free_nvt/suite_timing.json and /home/ericb/mmml/out/mdsys/free_nvt/timing_log.txt
  
 CHARMM>     BLOCK
 WARNING from DECODI -- Zero length string being converted to 0
 Block structure initialized with   3 blocks.
 All atoms have been assigned to block 1.
 All interaction coefficients have been set to unity.
  Setting number of block exclusions nblock_excldPairs=0
  
  BLOCK>            CALL 1 SELE ALL END
 SELRPN>      0 atoms have been selected out of      0
 The selected atoms have been reassigned to block   1
  
  BLOCK>              COEFF 1 1 1.0
  
  BLOCK>            END
 Matrix of Interaction Coefficients
 
    1.00000
    1.00000   1.00000
    1.00000   1.00000   1.00000
 Matrix of BOND Interaction Coefficients
 
    1.00000
    1.00000   1.00000
    1.00000   1.00000   1.00000
 Matrix of ANGLE Interaction Coefficients
 
    1.00000
    1.00000   1.00000
    1.00000   1.00000   1.00000
 Matrix of DIHE Interaction Coefficients
 
    1.00000
    1.00000   1.00000
    1.00000   1.00000   1.00000
 Matrix of CROSS Interaction Coefficients
 
    1.00000
    1.00000   1.00000
    1.00000   1.00000   1.00000
 Matrix of ELEC Interaction Coefficients
 
    1.00000
    1.00000   1.00000
    1.00000   1.00000   1.00000
 Matrix of VDW Interaction Coefficients
 
    1.00000
    1.00000   1.00000
    1.00000   1.00000   1.00000
  
 CHARMM>     
  
  
 CHARMM>     PRNLev 0

 DRUDES PARTICLES WILL BE GENERATED AUTOMATICALLY FOR ALL ATOMS WITH NON-ZERO ALPHA
 Thole-type dipole screening, Slater-Delta shape {S(u) = 1 - (1+u/2)*exp(-u)}, default radius =  1.300000

 DRUDES PARTICLES WILL BE GENERATED AUTOMATICALLY FOR ALL ATOMS WITH NON-ZERO ALPHA
 Thole-type dipole screening, Slater-Delta shape {S(u) = 1 - (1+u/2)*exp(-u)}, default radius =  1.300000
$$$$$$  New timer profile $$$$$
 Total time                     22.00 Other:            0.00
Running: /home/ericb/mmml/.venv/bin/python3 /home/ericb/mmml/scripts/md_10mer_mmml_pbc_suite.py --spacing 5.0 --ps 1.0 --dt-fs 0.25 --traj-chunk-frames 0 --only vac_nvt_nhc --nvt-temp-K 300.0 --n-molecules 10 --output-dir out/mdsys/free_nvt
