=== 18: md_10mer periodic NVE ===
Command: mmml md-system --setup pbc_nve --n-molecules "10" --ps "1.0" --dt-fs "0.25" --traj-chunk-frames "0" --output-dir "out/mdsys/pbc_nve"
/home/ericb/mmml/mmml/data/charmm/top_all36_cgenff.rtf
/home/ericb/mmml/mmml/data/charmm/par_all36_cgenff.prm
CHARMM_HOME /home/ericb/mmml/setup/charmm
CHARMM_LIB_DIR /home/ericb/mmml/setup/charmm
[21:54:36] cluster_build: 0.245 s
[setup_calculator] Cutoff inputs -> ml_cutoff=0.1000, mm_switch_on=5.5000, mm_cutoff=2.0000, complementary_handoff=True
[setup_calculator] mm_r_min=4.86 (exclude pairs with dimer COM < this)
[setup_calculator] atoms_per_monomer=[6, 6, 6, 6, 6, 6, 6, 6, 6, 6], total_atoms=60
[setup_calculator] lambda_monomer=[1. 1. 1. 1. 1. 1. 1. 1. 1. 1.]
len(dimer_perms) 45
[setup_calculator] max_atoms (model natoms)=12 (max monomer/dimer size)
✓ Loaded checkpoint from /home/ericb/mmml/mmml/models/physnetjax/defaults
[setup_calculator] Model loaded: EF(
    # attributes
    features = 64
    max_degree = 1
    num_iterations = 2
    num_basis_functions = 32
    cutoff = 6.0
    max_atomic_number = 55
    charges = True
    natoms = 12
    total_charge = 0
    n_res = 3
    zbl = True
    debug = False
    efa = False
    use_energy_bias = False
    use_pbc = True
    include_electrostatics = True
)
[21:54:37] cutoff plot: /home/ericb/mmml/out/mdsys/pbc_nve/cutoffs_schematic_0.10_5.50_2.00_complementary.png
[21:54:37] pbc_nve: mmml setup_calculator 0.763 s, factory_call 0.000 s
[21:54:47] pbc_nve: JIT warmup (first potential energy) 9.733 s
[21:54:47] pbc_nve: BFGS starting (max 50 steps, fmax=0.1; this is pre-MD minimization, not dynamics yet)
      Step     Time          Energy          fmax
BFGS:    0 21:54:47     -249.311142        0.907516
BFGS:    1 21:54:47     -249.493851        0.591817
BFGS:    2 21:54:47     -249.649445        0.412422
BFGS:    3 21:54:47     -249.690521        0.400759
BFGS:    4 21:54:47     -249.665115        0.161524
BFGS:    5 21:54:47     -249.697266        0.246989
BFGS:    6 21:54:47     -249.707169        0.194104
BFGS:    7 21:54:47     -249.708740        0.193102
BFGS:    8 21:54:47     -249.721359        0.253160
BFGS:    9 21:54:48     -249.728195        0.233829
BFGS:   10 21:54:48     -249.715759        0.083693
[21:54:48] pbc_nve: BFGS 0.949 s (10 iters)
Running: /home/ericb/mmml/.venv/bin/python3 /home/ericb/mmml/scripts/md_10mer_mmml_pbc_suite.py --spacing 5.0 --ps 1.0 --dt-fs 0.25 --traj-chunk-frames 0 --only pbc_nve --n-molecules 10 --output-dir out/mdsys/pbc_nve
