      Step     Time          Energy          fmax
BFGS:    0 15:25:53      -20.015898        1.511492
BFGS:    1 15:25:53      -20.036854        0.886469
BFGS:    2 15:25:54      -20.045210        0.278144
BFGS:    3 15:25:55      -20.049633        0.251070
BFGS:    4 15:25:55      -20.059000        0.363740
BFGS:    5 15:25:56      -20.062826        0.290306
BFGS:    6 15:25:57      -20.071856        0.333904
BFGS:    7 15:25:58      -20.082285        0.520012
BFGS:    8 15:25:58      -20.101496        0.576839
BFGS:    9 15:25:59      -20.119503        0.599949
BFGS:   10 15:26:00      -20.123215        0.329733
BFGS:   11 15:26:00      -20.126257        0.737811
BFGS:   12 15:26:01      -20.132017        0.249794
BFGS:   13 15:26:02      -20.136824        0.227464
BFGS:   14 15:26:03      -20.004511        3.016998
BFGS:   15 15:26:04      -20.150011        0.684466
BFGS:   16 15:26:04      -20.166109        0.922807
BFGS:   17 15:26:05      -20.189552        1.638316
BFGS:   18 15:26:06      -20.226910        0.563620
BFGS:   19 15:26:07      -20.242216        0.420967
BFGS:   20 15:26:07      -20.264872        0.298460
BFGS:   21 15:26:08      -20.273560        0.371048
BFGS:   22 15:26:09      -20.381151        1.707851
BFGS:   23 15:26:10      -20.628872        1.244563
BFGS:   24 15:26:10      -21.303017        3.186689
BFGS:   25 15:26:11      -22.487555        5.994661
BFGS:   26 15:26:12      -21.766890       11.390000
BFGS:   27 15:26:12      -23.149639        4.999950
BFGS:   28 15:26:13      -23.309807        3.143846
BFGS:   29 15:26:14      -23.697206        2.034119
BFGS:   30 15:26:14      -24.163696        3.127255
BFGS:   31 15:26:15      -24.846350        6.190133
BFGS:   32 15:26:16      -25.914726        9.297534
BFGS:   33 15:26:17      -28.121626        6.165434
BFGS:   34 15:26:18      -27.412148        9.526267
BFGS:   35 15:26:18      -29.937662        4.537954
BFGS:   36 15:26:19      -30.206427        6.560106
BFGS:   37 15:26:20      -29.228439       11.643277
BFGS:   38 15:26:20      -30.223763        4.532959
BFGS:   39 15:26:21      -31.061035        8.743153
BFGS:   40 15:26:22      -28.210506       18.993084
BFGS:   41 15:26:22      -27.396778       26.416241
BFGS:   42 15:26:23      -29.466671       23.285936
BFGS:   43 15:26:24      -31.436836        9.029473
BFGS:   44 15:26:25      -31.639042       32.119450
BFGS:   45 15:26:26      -33.726929       26.195238
BFGS:   46 15:26:26      -36.086159       33.822006
BFGS:   47 15:26:27      -45.261677      139.592560
BFGS:   48 15:26:28      -34.881496       30.897621
BFGS:   49 15:26:29      -37.390713       16.325195
BFGS:   50 15:26:30      -41.040318       46.004139
BFGS:   51 15:26:30      -38.606270       75.627182
BFGS:   52 15:26:31      -47.508820      143.757004
BFGS:   53 15:26:33      -55.940876      256.772308
BFGS:   54 15:26:33      -55.791210      284.919922
BFGS:   55 15:26:34      -37.472584       65.970596
BFGS:   56 15:26:35      -46.013641      149.911041
BFGS:   57 15:26:35      -37.381996       87.525261
BFGS:   58 15:26:36      -74.242691      716.057678
BFGS:   59 15:26:37      -41.106056      108.783119
BFGS:   60 15:26:37     -155.806046     5218.780762
BFGS:   61 15:26:38      -45.598862      128.020279
BFGS:   62 15:26:39      -46.488518      133.445908
BFGS:   63 15:26:40      -52.777145      267.845245
BFGS:   64 15:26:41      -71.828629      874.492737
BFGS:   65 15:26:41      -54.039021      211.756302
BFGS:   66 15:26:42      -88.261101     1101.893799
BFGS:   67 15:26:43     -174.141190     6661.854492
BFGS:   68 15:26:43      -86.380493     1299.424194
BFGS:   69 15:26:44     -168.398804     6115.714355
BFGS:   70 15:26:45      -97.272911     1494.858887
BFGS:   71 15:26:46     -349.805847       21.041483
BFGS:   72 15:26:46     -337.515656    29700.498047
BFGS:   73 15:26:48     -354.870392       30.393982
BFGS:   74 15:26:49     -520.492676    27391.435547
BFGS:   75 15:26:50      -48.845093      104.251762
BFGS:   76 15:26:50      -51.284256      114.243439
BFGS:   77 15:26:51      -53.381989      118.518127
BFGS:   78 15:26:52      -53.811558      120.838242
BFGS:   79 15:26:52      -54.286591      122.730865
BFGS:   80 15:26:53      -56.614998      141.506516
BFGS:   81 15:26:54      -61.140366      180.247696
BFGS:   82 15:26:55      -85.344154      749.552979
BFGS:   83 15:26:55      -87.639122     1243.614136
BFGS:   84 15:26:57     -100.685295     1534.239380
BFGS:   85 15:26:57     -281.762482    19319.417969
BFGS:   86 15:26:58     -133.197266     3071.568359
BFGS:   87 15:26:59     -224.749344     8534.962891
BFGS:   88 15:27:00      -58.579266      280.099243
BFGS:   89 15:27:01      -67.771721      276.825745
BFGS:   90 15:27:01      -83.904358      356.297180
BFGS:   91 15:27:02      -61.574478      397.897186
BFGS:   92 15:27:03      -72.176552      555.145386
BFGS:   93 15:27:04     -176.068481     6094.999023
BFGS:   94 15:27:04     -107.787750     1037.918945
BFGS:   95 15:27:05      -83.705681      898.360474
BFGS:   96 15:27:06     -103.166779     1404.054810
BFGS:   97 15:27:06     -101.711807      994.431580
BFGS:   98 15:27:08     -263.148041    13830.682617
BFGS:   99 15:27:08      -98.869781      499.177765
BFGS:  100 15:27:09     -115.371277      865.271362
BFGS:  101 15:27:10     -115.993271      813.583801
BFGS:  102 15:27:11     -170.717361     3245.250488
BFGS:  103 15:27:12     -174.301056     3506.140137
BFGS:  104 15:27:13     -140.710266     1275.693726
BFGS:  105 15:27:13     -227.517273     5334.758301
BFGS:  106 15:27:14     -222.496704    10363.525391
BFGS:  107 15:27:15     -351.842957       57.869446
BFGS:  108 15:27:16     -352.363922       51.179398
BFGS:  109 15:27:16     -354.050598       55.565948
BFGS:  110 15:27:17     -354.838226       97.560921
BFGS:  111 15:27:18     -194.132095     6896.869629
BFGS:  112 15:27:18     -262.021057    16941.474609
BFGS:  113 15:27:19     -172.460693     5744.719727
BFGS:  114 15:27:20     -276.090851    18129.158203
BFGS:  115 15:27:21     -249.566589    14216.924805
BFGS:  116 15:27:22     -358.886353       96.638184
BFGS:  117 15:27:22     -358.976379       96.712158
BFGS:  118 15:27:23     -361.034912      102.793846
BFGS:  119 15:27:24     -360.898712      108.076828
BFGS:  120 15:27:24     -255.716705    14329.129883
BFGS:  121 15:27:25     -361.667511      112.399162
BFGS:  122 15:27:26     -361.148743      107.428261
BFGS:  123 15:27:27     -361.790588      108.098000
BFGS:  124 15:27:28     -362.062073      110.195511
BFGS:  125 15:27:28     -362.178467      109.735939
BFGS:  126 15:27:29     -362.238281      110.281586
BFGS:  127 15:27:30     -362.393677      113.888069
BFGS:  128 15:27:31     -362.735321      123.578957
BFGS:  129 15:27:31     -362.318695      136.024628
BFGS:  130 15:27:32     -363.012085      128.823029
BFGS:  131 15:27:33     -363.197235      129.766296
BFGS:  132 15:27:33     -345.719482    28340.158203
BFGS:  133 15:27:34     -366.019043      144.180954
BFGS:  134 15:27:35     -367.737396      167.559235
BFGS:  135 15:27:36     -375.757111      380.901703
BFGS:  136 15:27:37     -370.325439    28005.642578
BFGS:  137 15:27:38     -402.307983    32291.072266
BFGS:  138 15:27:38     -391.778198      707.534546
BFGS:  139 15:27:39     -415.391968     1868.790649
BFGS:  140 15:27:40     -424.359161     2074.311768
BFGS:  141 15:27:41     -463.695099     4652.714844
BFGS:  142 15:27:41     -473.893890     5443.361816
BFGS:  143 15:27:42     -490.860840     6951.918945
BFGS:  144 15:27:43     -486.652496     6480.640625
BFGS:  145 15:27:44     -664.768616      178.533981
BFGS:  146 15:27:44     -665.564636      187.646713
BFGS:  147 15:27:45     -666.110474       50.668327
BFGS:  148 15:27:46     -666.563599       86.413147
BFGS:  149 15:27:46     -666.751526       97.630280
BFGS:  150 15:27:47     -666.826050       56.979988
BFGS:  151 15:27:48     -667.100769      159.919800
BFGS:  152 15:27:48     -667.215942      141.082153
BFGS:  153 15:27:49     -666.046265       21.702017
BFGS:  154 15:27:50     -667.182678      183.353119
BFGS:  155 15:27:50     -664.711182      131.185333
BFGS:  156 15:27:51     -667.487732       27.139027
BFGS:  157 15:27:52     -667.520081      113.430443
BFGS:  158 15:27:53     -667.631042       87.693817
BFGS:  159 15:27:53     -667.336304       54.579899
BFGS:  160 15:27:54     -573.773193    16178.487305
BFGS:  161 15:27:55     -668.698730       46.019722
BFGS:  162 15:27:56     -669.591125       60.205776
BFGS:  163 15:27:56     -670.082336       56.120148
BFGS:  164 15:27:57     -670.491882       54.345444
BFGS:  165 15:27:58     -670.673584       59.519722
BFGS:  166 15:27:59     -670.956360       84.841568
BFGS:  167 15:27:59     -671.018799       97.059235
BFGS:  168 15:28:00     -671.305786      147.766510
BFGS:  169 15:28:01     -671.441528      174.628815
BFGS:  170 15:28:01     -671.664124      179.335724
BFGS:  171 15:28:02     -671.784668       73.993286
BFGS:  172 15:28:03     -671.846863      106.856918
BFGS:  173 15:28:04     -671.866455      101.949928
BFGS:  174 15:28:04     -671.923340       74.191757
BFGS:  175 15:28:05     -671.959961       57.474400
BFGS:  176 15:28:06     -672.018372      137.534317
BFGS:  177 15:28:06     -672.070801       32.010738
BFGS:  178 15:28:07     -672.104065       70.897514
BFGS:  179 15:28:08     -672.131165       70.065758
BFGS:  180 15:28:08     -672.290039      100.522568
BFGS:  181 15:28:09     -672.297302       38.036289
BFGS:  182 15:28:10     -672.328186       35.876690
BFGS:  183 15:28:11     -672.350647       66.051903
BFGS:  184 15:28:12     -672.369263       62.275517
BFGS:  185 15:28:13     -672.391602       35.263592
BFGS:  186 15:28:13     -672.405273       37.639061
BFGS:  187 15:28:14     -672.423035       19.503471
BFGS:  188 15:28:15     -672.404541      100.014771
BFGS:  189 15:28:15     -672.431885       20.246271
BFGS:  190 15:28:16     -672.434204       20.433929
BFGS:  191 15:28:17     -670.204468    31877.867188
BFGS:  192 15:28:17     -672.451477       31.158386
BFGS:  193 15:28:18     -672.459717       20.638470
BFGS:  194 15:28:19     -672.472900       20.762281
BFGS:  195 15:28:20     -672.410645      154.176117
BFGS:  196 15:28:20     -672.485962       20.665535
BFGS:  197 15:28:21     -672.492065       20.379896
BFGS:  198 15:28:22     -672.434448      158.770920
BFGS:  199 15:28:22     -672.508240       19.804016
BFGS:  200 15:28:23     -672.515747       25.428329
BFGS:  201 15:28:24     -672.461914      170.982849
BFGS:  202 15:28:24     -672.554382       35.833801
BFGS:  203 15:28:25     -672.571655       38.842567
BFGS:  204 15:28:26     -672.598267      147.231750
BFGS:  205 15:28:26     -672.656738       21.505867
BFGS:  206 15:28:27     -672.686401       19.311489
BFGS:  207 15:28:28     -672.706116      112.668488
BFGS:  208 15:28:28     -672.741211       19.005518
BFGS:  209 15:28:29     -672.760376       18.807434
BFGS:  210 15:28:30     -672.763916       89.653328
BFGS:  211 15:28:31     -672.786194       17.971964
BFGS:  212 15:28:31     -672.791321       18.847794
BFGS:  213 15:28:32     -672.771790    32307.507812
BFGS:  214 15:28:33     -672.796143       39.025448
BFGS:  215 15:28:34     -672.797363       24.578867
BFGS:  216 15:28:34     -672.799133       17.666582
BFGS:  217 15:28:35     -672.799988       17.619291
BFGS:  218 15:28:36     -672.805176       17.308235
BFGS:  219 15:28:37     -672.803345       42.405926
BFGS:  220 15:28:38     -672.807495       17.414114
BFGS:  221 15:28:38     -672.808411       17.466030
BFGS:  222 15:28:39     -672.815308       21.498816
BFGS:  223 15:28:40     -672.812805       17.391808
BFGS:  224 15:28:41     -672.814819       17.360313
BFGS:  225 15:28:42     -672.816162       21.262594
BFGS:  226 15:28:42     -672.816650       17.062950
BFGS:  227 15:28:43     -672.815857       17.164484
BFGS:  228 15:28:44     -672.813416       50.838154
BFGS:  229 15:28:45     -672.817078       17.350307
BFGS:  230 15:28:45     -672.815430       17.488115
BFGS:  231 15:28:46     -672.692383    32288.423828
BFGS:  232 15:28:47     -672.823730       17.088524
BFGS:  233 15:28:48     -672.823303       17.321949
BFGS:  234 15:28:49     -672.822021       17.426235
