Wed Apr  8 16:52:05 2026       
+-----------------------------------------------------------------------------------------+
| NVIDIA-SMI 550.107.02             Driver Version: 550.107.02     CUDA Version: 12.4     |
|-----------------------------------------+------------------------+----------------------+
| GPU  Name                 Persistence-M | Bus-Id          Disp.A | Volatile Uncorr. ECC |
| Fan  Temp   Perf          Pwr:Usage/Cap |           Memory-Usage | GPU-Util  Compute M. |
|                                         |                        |               MIG M. |
|=========================================+========================+======================|
|   0  NVIDIA GeForce RTX 3080        On  |   00000000:03:00.0 Off |                  N/A |
| 30%   34C    P8             22W /  320W |       2MiB /  10240MiB |      0%   E. Process |
|                                         |                        |                  N/A |
+-----------------------------------------+------------------------+----------------------+
                                                                                         
+-----------------------------------------------------------------------------------------+
| Processes:                                                                              |
|  GPU   GI   CI        PID   Type   Process name                              GPU Memory |
|        ID   ID                                                               Usage      |
|=========================================================================================|
|  No running processes found                                                             |
+-----------------------------------------------------------------------------------------+
Command: uv run mmml pyscf-dft --mol xyz/initial.xyz --energy --gradient --hessian --harmonic --thermo --output out/04_results
/mmhome/boittier/home/mmml/.venv/lib/python3.13/site-packages/gpu4pyscf/lib/cutensor.py:154: UserWarning: using cupy as the tensor contraction engine.
  warnings.warn(f'using {contract_engine} as the tensor contraction engine.')
mol: hper_a.xyz
output: out/hper_a.npz
log_file: pyscf.log
monomer_a: 
monomer_b: 
basis: def2-SVP
xc: PBE0
spin: 0
charge: 0
energy: True
optimize: False
gradient: False
hessian: False
harmonic: False
thermo: False
interaction: False
dens_esp: False
ir: False
shielding: False
polarizability: True
ir_efield: False
efield_points: 0,0,0
efield_fd_axis: 2
efield_scf: False
efield_scf_no_forces: False
efield_dipole_unit: DEBYE
efield_include_nuclear_energy: True
save_option: hdf5
overwrite output file: ./pyscf.log
<pyscf.gto.mole.Mole object at 0x14b818df4050>
total number of shells 18, total number of AO functions 38
(0, 'O', '2p', 'z')
(1, 'O', '2p', 'z')
(2, 'H', '2p', 'z')
(3, 'H', '2p', 'z')
0 O 2pz   
1 O 2pz   
2 H 2pz   
3 H 2pz   
shell 0 on atom 0 l = 0 has 1 contracted GTOs
shell 1 on atom 0 l = 0 has 1 contracted GTOs
shell 2 on atom 0 l = 0 has 1 contracted GTOs
shell 3 on atom 0 l = 1 has 1 contracted GTOs
shell 4 on atom 0 l = 1 has 1 contracted GTOs
shell 5 on atom 0 l = 2 has 1 contracted GTOs
shell 6 on atom 1 l = 0 has 1 contracted GTOs
shell 7 on atom 1 l = 0 has 1 contracted GTOs
shell 8 on atom 1 l = 0 has 1 contracted GTOs
shell 9 on atom 1 l = 1 has 1 contracted GTOs
shell 10 on atom 1 l = 1 has 1 contracted GTOs
shell 11 on atom 1 l = 2 has 1 contracted GTOs
shell 12 on atom 2 l = 0 has 1 contracted GTOs
shell 13 on atom 2 l = 0 has 1 contracted GTOs
shell 14 on atom 2 l = 1 has 1 contracted GTOs
shell 15 on atom 3 l = 0 has 1 contracted GTOs
shell 16 on atom 3 l = 0 has 1 contracted GTOs
shell 17 on atom 3 l = 1 has 1 contracted GTOs

AOs that contains oxygen p orbitals and hydrogen s orbitals
3 0 O 2px   
4 0 O 2py   
5 0 O 2pz   
6 0 O 3px   
7 0 O 3py   
8 0 O 3pz   
17 1 O 2px   
18 1 O 2py   
19 1 O 2pz   
20 1 O 3px   
21 1 O 3py   
22 1 O 3pz   
28 2 H 1s    
29 2 H 2s    
33 3 H 1s    
34 3 H 2s    
----------------------------------------------------------------------------------------------------
Computing Energy
----------------------------------------------------------------------------------------------------
total energy = -151.24097252557564
----------------------------------------------------------------------------------------------------
Computing Polarizability
----------------------------------------------------------------------------------------------------
Results saved to hper_a.npz (ML keys) and hper_a.h5 (all arrays)
Elapsed: 9.07 s
Output: out/04_results.npz and .h5
Command: uv run mmml pyscf-dft --mol xyz/initial.xyz --energy --gradient --hessian --harmonic --thermo --output out/04_results
/mmhome/boittier/home/mmml/.venv/lib/python3.13/site-packages/gpu4pyscf/lib/cutensor.py:154: UserWarning: using cupy as the tensor contraction engine.
  warnings.warn(f'using {contract_engine} as the tensor contraction engine.')
mol: hper_b.xyz
output: out/hper_b.npz
log_file: pyscf.log
monomer_a: 
monomer_b: 
basis: def2-SVP
xc: PBE0
spin: 0
charge: 0
energy: True
optimize: False
gradient: False
hessian: False
harmonic: False
thermo: False
interaction: False
dens_esp: False
ir: False
shielding: False
polarizability: True
ir_efield: False
efield_points: 0,0,0
efield_fd_axis: 2
efield_scf: False
efield_scf_no_forces: False
efield_dipole_unit: DEBYE
efield_include_nuclear_energy: True
save_option: hdf5
overwrite output file: ./pyscf.log
<pyscf.gto.mole.Mole object at 0x1523a7dfc050>
total number of shells 18, total number of AO functions 38
(0, 'O', '2p', 'z')
(1, 'O', '2p', 'z')
(2, 'H', '2p', 'z')
(3, 'H', '2p', 'z')
0 O 2pz   
1 O 2pz   
2 H 2pz   
3 H 2pz   
shell 0 on atom 0 l = 0 has 1 contracted GTOs
shell 1 on atom 0 l = 0 has 1 contracted GTOs
shell 2 on atom 0 l = 0 has 1 contracted GTOs
shell 3 on atom 0 l = 1 has 1 contracted GTOs
shell 4 on atom 0 l = 1 has 1 contracted GTOs
shell 5 on atom 0 l = 2 has 1 contracted GTOs
shell 6 on atom 1 l = 0 has 1 contracted GTOs
shell 7 on atom 1 l = 0 has 1 contracted GTOs
shell 8 on atom 1 l = 0 has 1 contracted GTOs
shell 9 on atom 1 l = 1 has 1 contracted GTOs
shell 10 on atom 1 l = 1 has 1 contracted GTOs
shell 11 on atom 1 l = 2 has 1 contracted GTOs
shell 12 on atom 2 l = 0 has 1 contracted GTOs
shell 13 on atom 2 l = 0 has 1 contracted GTOs
shell 14 on atom 2 l = 1 has 1 contracted GTOs
shell 15 on atom 3 l = 0 has 1 contracted GTOs
shell 16 on atom 3 l = 0 has 1 contracted GTOs
shell 17 on atom 3 l = 1 has 1 contracted GTOs

AOs that contains oxygen p orbitals and hydrogen s orbitals
3 0 O 2px   
4 0 O 2py   
5 0 O 2pz   
6 0 O 3px   
7 0 O 3py   
8 0 O 3pz   
17 1 O 2px   
18 1 O 2py   
19 1 O 2pz   
20 1 O 3px   
21 1 O 3py   
22 1 O 3pz   
28 2 H 1s    
29 2 H 2s    
33 3 H 1s    
34 3 H 2s    
----------------------------------------------------------------------------------------------------
Computing Energy
----------------------------------------------------------------------------------------------------
total energy = -151.24097252557547
----------------------------------------------------------------------------------------------------
Computing Polarizability
----------------------------------------------------------------------------------------------------
Results saved to hper_b.npz (ML keys) and hper_b.h5 (all arrays)
Elapsed: 3.50 s
Output: out/04_results.npz and .h5
